<?xml version="1.0" encoding="UTF-8"?>
<testsuite name="oneAutomation.WebAndMobEndToEnd.LanguageUpdateTest" tests="1" skipped="0" failures="0" errors="0" timestamp="2016-02-27T18:05:57" hostname="atishay" time="4.923">
  <properties/>
  <testcase name="verifyThatMobShowsUpdatedInfo" classname="oneAutomation.WebAndMobEndToEnd.LanguageUpdateTest" time="4.923"/>
  <system-out><![CDATA[]]></system-out>
  <system-err><![CDATA[]]></system-err>
</testsuite>
